<?xml version="1.0" encoding="UTF-8"?>
<testsuite xmlns:xsi="http://www.w3.org/2001/XMLSchema-instance" xsi:noNamespaceSchemaLocation="https://maven.apache.org/surefire/maven-surefire-plugin/xsd/surefire-test-report.xsd" name="com.hans.grpcserver.GrpcServerApplicationTests" time="16.656" tests="1" errors="0" skipped="0" failures="0">
  <properties>
    <property name="sun.desktop" value="windows"/>
    <property name="awt.toolkit" value="sun.awt.windows.WToolkit"/>
    <property name="file.encoding.pkg" value="sun.io"/>
    <property name="java.specification.version" value="1.8"/>
    <property name="sun.cpu.isalist" value="amd64"/>
    <property name="sun.jnu.encoding" value="GBK"/>
    <property name="java.class.path" value="D:\gitcode\springboot-jsonrpc-micro\spring-boot-grpc\grpc-server\target\test-classes;D:\gitcode\springboot-jsonrpc-micro\spring-boot-grpc\grpc-server\target\classes;C:\maven_repo\org\springframework\boot\spring-boot-starter\2.0.2.RELEASE\spring-boot-starter-2.0.2.RELEASE.jar;C:\maven_repo\org\springframework\boot\spring-boot\2.0.2.RELEASE\spring-boot-2.0.2.RELEASE.jar;C:\maven_repo\org\springframework\spring-context\5.0.6.RELEASE\spring-context-5.0.6.RELEASE.jar;C:\maven_repo\org\springframework\spring-aop\5.0.6.RELEASE\spring-aop-5.0.6.RELEASE.jar;C:\maven_repo\org\springframework\spring-beans\5.0.6.RELEASE\spring-beans-5.0.6.RELEASE.jar;C:\maven_repo\org\springframework\spring-expression\5.0.6.RELEASE\spring-expression-5.0.6.RELEASE.jar;C:\maven_repo\org\springframework\boot\spring-boot-autoconfigure\2.0.2.RELEASE\spring-boot-autoconfigure-2.0.2.RELEASE.jar;C:\maven_repo\org\springframework\boot\spring-boot-starter-logging\2.0.2.RELEASE\spring-boot-starter-logging-2.0.2.RELEASE.jar;C:\maven_repo\ch\qos\logback\logback-classic\1.2.3\logback-classic-1.2.3.jar;C:\maven_repo\ch\qos\logback\logback-core\1.2.3\logback-core-1.2.3.jar;C:\maven_repo\org\apache\logging\log4j\log4j-to-slf4j\2.10.0\log4j-to-slf4j-2.10.0.jar;C:\maven_repo\org\apache\logging\log4j\log4j-api\2.10.0\log4j-api-2.10.0.jar;C:\maven_repo\org\slf4j\jul-to-slf4j\1.7.25\jul-to-slf4j-1.7.25.jar;C:\maven_repo\javax\annotation\javax.annotation-api\1.3.2\javax.annotation-api-1.3.2.jar;C:\maven_repo\org\springframework\spring-core\5.0.6.RELEASE\spring-core-5.0.6.RELEASE.jar;C:\maven_repo\org\springframework\spring-jcl\5.0.6.RELEASE\spring-jcl-5.0.6.RELEASE.jar;C:\maven_repo\org\yaml\snakeyaml\1.19\snakeyaml-1.19.jar;C:\maven_repo\org\springframework\boot\spring-boot-starter-test\2.0.2.RELEASE\spring-boot-starter-test-2.0.2.RELEASE.jar;C:\maven_repo\org\springframework\boot\spring-boot-test\2.0.2.RELEASE\spring-boot-test-2.0.2.RELEASE.jar;C:\maven_repo\org\springframework\boot\spring-boot-test-autoconfigure\2.0.2.RELEASE\spring-boot-test-autoconfigure-2.0.2.RELEASE.jar;C:\maven_repo\com\jayway\jsonpath\json-path\2.4.0\json-path-2.4.0.jar;C:\maven_repo\net\minidev\json-smart\2.3\json-smart-2.3.jar;C:\maven_repo\net\minidev\accessors-smart\1.2\accessors-smart-1.2.jar;C:\maven_repo\org\ow2\asm\asm\5.0.4\asm-5.0.4.jar;C:\maven_repo\org\slf4j\slf4j-api\1.7.25\slf4j-api-1.7.25.jar;C:\maven_repo\junit\junit\4.12\junit-4.12.jar;C:\maven_repo\org\assertj\assertj-core\3.9.1\assertj-core-3.9.1.jar;C:\maven_repo\org\mockito\mockito-core\2.15.0\mockito-core-2.15.0.jar;C:\maven_repo\net\bytebuddy\byte-buddy\1.7.11\byte-buddy-1.7.11.jar;C:\maven_repo\net\bytebuddy\byte-buddy-agent\1.7.11\byte-buddy-agent-1.7.11.jar;C:\maven_repo\org\objenesis\objenesis\2.6\objenesis-2.6.jar;C:\maven_repo\org\hamcrest\hamcrest-core\1.3\hamcrest-core-1.3.jar;C:\maven_repo\org\hamcrest\hamcrest-library\1.3\hamcrest-library-1.3.jar;C:\maven_repo\org\skyscreamer\jsonassert\1.5.0\jsonassert-1.5.0.jar;C:\maven_repo\com\vaadin\external\google\android-json\0.0.20131108.vaadin1\android-json-0.0.20131108.vaadin1.jar;C:\maven_repo\org\springframework\spring-test\5.0.6.RELEASE\spring-test-5.0.6.RELEASE.jar;C:\maven_repo\org\xmlunit\xmlunit-core\2.5.1\xmlunit-core-2.5.1.jar;C:\maven_repo\io\grpc\grpc-netty\1.12.0\grpc-netty-1.12.0.jar;C:\maven_repo\io\netty\netty-codec-http2\4.1.24.Final\netty-codec-http2-4.1.24.Final.jar;C:\maven_repo\io\netty\netty-codec-http\4.1.24.Final\netty-codec-http-4.1.24.Final.jar;C:\maven_repo\io\netty\netty-codec\4.1.24.Final\netty-codec-4.1.24.Final.jar;C:\maven_repo\io\netty\netty-handler\4.1.24.Final\netty-handler-4.1.24.Final.jar;C:\maven_repo\io\netty\netty-buffer\4.1.24.Final\netty-buffer-4.1.24.Final.jar;C:\maven_repo\io\netty\netty-common\4.1.24.Final\netty-common-4.1.24.Final.jar;C:\maven_repo\io\netty\netty-handler-proxy\4.1.24.Final\netty-handler-proxy-4.1.24.Final.jar;C:\maven_repo\io\netty\netty-transport\4.1.24.Final\netty-transport-4.1.24.Final.jar;C:\maven_repo\io\netty\netty-resolver\4.1.24.Final\netty-resolver-4.1.24.Final.jar;C:\maven_repo\io\netty\netty-codec-socks\4.1.24.Final\netty-codec-socks-4.1.24.Final.jar;C:\maven_repo\io\grpc\grpc-protobuf\1.12.0\grpc-protobuf-1.12.0.jar;C:\maven_repo\com\google\protobuf\protobuf-java\3.5.1\protobuf-java-3.5.1.jar;C:\maven_repo\com\google\guava\guava\20.0\guava-20.0.jar;C:\maven_repo\com\google\protobuf\protobuf-java-util\3.5.1\protobuf-java-util-3.5.1.jar;C:\maven_repo\com\google\api\grpc\proto-google-common-protos\1.0.0\proto-google-common-protos-1.0.0.jar;C:\maven_repo\io\grpc\grpc-protobuf-lite\1.12.0\grpc-protobuf-lite-1.12.0.jar;C:\maven_repo\io\grpc\grpc-core\1.12.0\grpc-core-1.12.0.jar;C:\maven_repo\io\grpc\grpc-context\1.12.0\grpc-context-1.12.0.jar;C:\maven_repo\com\google\code\gson\gson\2.8.4\gson-2.8.4.jar;C:\maven_repo\com\google\errorprone\error_prone_annotations\2.1.2\error_prone_annotations-2.1.2.jar;C:\maven_repo\com\google\code\findbugs\jsr305\3.0.0\jsr305-3.0.0.jar;C:\maven_repo\io\opencensus\opencensus-api\0.11.0\opencensus-api-0.11.0.jar;C:\maven_repo\io\opencensus\opencensus-contrib-grpc-metrics\0.11.0\opencensus-contrib-grpc-metrics-0.11.0.jar;C:\maven_repo\io\grpc\grpc-stub\1.12.0\grpc-stub-1.12.0.jar;"/>
    <property name="java.vm.vendor" value="Oracle Corporation"/>
    <property name="sun.arch.data.model" value="64"/>
    <property name="user.variant" value=""/>
    <property name="java.vendor.url" value="http://java.oracle.com/"/>
    <property name="user.timezone" value=""/>
    <property name="java.vm.specification.version" value="1.8"/>
    <property name="os.name" value="Windows 10"/>
    <property name="user.country" value="CN"/>
    <property name="sun.java.launcher" value="SUN_STANDARD"/>
    <property name="sun.boot.library.path" value="C:\Program Files\Java\jdk1.8.0_101\jre\bin"/>
    <property name="sun.java.command" value="C:\Users\Jimmy.Li\AppData\Local\Temp\surefire49798637192235306\surefirebooter5469739121045441839.jar C:\Users\Jimmy.Li\AppData\Local\Temp\surefire49798637192235306 2020-06-16T14-08-16_156-jvmRun1 surefire5572505037457433928tmp surefire_04597756383833093479tmp"/>
    <property name="surefire.test.class.path" value="D:\gitcode\springboot-jsonrpc-micro\spring-boot-grpc\grpc-server\target\test-classes;D:\gitcode\springboot-jsonrpc-micro\spring-boot-grpc\grpc-server\target\classes;C:\maven_repo\org\springframework\boot\spring-boot-starter\2.0.2.RELEASE\spring-boot-starter-2.0.2.RELEASE.jar;C:\maven_repo\org\springframework\boot\spring-boot\2.0.2.RELEASE\spring-boot-2.0.2.RELEASE.jar;C:\maven_repo\org\springframework\spring-context\5.0.6.RELEASE\spring-context-5.0.6.RELEASE.jar;C:\maven_repo\org\springframework\spring-aop\5.0.6.RELEASE\spring-aop-5.0.6.RELEASE.jar;C:\maven_repo\org\springframework\spring-beans\5.0.6.RELEASE\spring-beans-5.0.6.RELEASE.jar;C:\maven_repo\org\springframework\spring-expression\5.0.6.RELEASE\spring-expression-5.0.6.RELEASE.jar;C:\maven_repo\org\springframework\boot\spring-boot-autoconfigure\2.0.2.RELEASE\spring-boot-autoconfigure-2.0.2.RELEASE.jar;C:\maven_repo\org\springframework\boot\spring-boot-starter-logging\2.0.2.RELEASE\spring-boot-starter-logging-2.0.2.RELEASE.jar;C:\maven_repo\ch\qos\logback\logback-classic\1.2.3\logback-classic-1.2.3.jar;C:\maven_repo\ch\qos\logback\logback-core\1.2.3\logback-core-1.2.3.jar;C:\maven_repo\org\apache\logging\log4j\log4j-to-slf4j\2.10.0\log4j-to-slf4j-2.10.0.jar;C:\maven_repo\org\apache\logging\log4j\log4j-api\2.10.0\log4j-api-2.10.0.jar;C:\maven_repo\org\slf4j\jul-to-slf4j\1.7.25\jul-to-slf4j-1.7.25.jar;C:\maven_repo\javax\annotation\javax.annotation-api\1.3.2\javax.annotation-api-1.3.2.jar;C:\maven_repo\org\springframework\spring-core\5.0.6.RELEASE\spring-core-5.0.6.RELEASE.jar;C:\maven_repo\org\springframework\spring-jcl\5.0.6.RELEASE\spring-jcl-5.0.6.RELEASE.jar;C:\maven_repo\org\yaml\snakeyaml\1.19\snakeyaml-1.19.jar;C:\maven_repo\org\springframework\boot\spring-boot-starter-test\2.0.2.RELEASE\spring-boot-starter-test-2.0.2.RELEASE.jar;C:\maven_repo\org\springframework\boot\spring-boot-test\2.0.2.RELEASE\spring-boot-test-2.0.2.RELEASE.jar;C:\maven_repo\org\springframework\boot\spring-boot-test-autoconfigure\2.0.2.RELEASE\spring-boot-test-autoconfigure-2.0.2.RELEASE.jar;C:\maven_repo\com\jayway\jsonpath\json-path\2.4.0\json-path-2.4.0.jar;C:\maven_repo\net\minidev\json-smart\2.3\json-smart-2.3.jar;C:\maven_repo\net\minidev\accessors-smart\1.2\accessors-smart-1.2.jar;C:\maven_repo\org\ow2\asm\asm\5.0.4\asm-5.0.4.jar;C:\maven_repo\org\slf4j\slf4j-api\1.7.25\slf4j-api-1.7.25.jar;C:\maven_repo\junit\junit\4.12\junit-4.12.jar;C:\maven_repo\org\assertj\assertj-core\3.9.1\assertj-core-3.9.1.jar;C:\maven_repo\org\mockito\mockito-core\2.15.0\mockito-core-2.15.0.jar;C:\maven_repo\net\bytebuddy\byte-buddy\1.7.11\byte-buddy-1.7.11.jar;C:\maven_repo\net\bytebuddy\byte-buddy-agent\1.7.11\byte-buddy-agent-1.7.11.jar;C:\maven_repo\org\objenesis\objenesis\2.6\objenesis-2.6.jar;C:\maven_repo\org\hamcrest\hamcrest-core\1.3\hamcrest-core-1.3.jar;C:\maven_repo\org\hamcrest\hamcrest-library\1.3\hamcrest-library-1.3.jar;C:\maven_repo\org\skyscreamer\jsonassert\1.5.0\jsonassert-1.5.0.jar;C:\maven_repo\com\vaadin\external\google\android-json\0.0.20131108.vaadin1\android-json-0.0.20131108.vaadin1.jar;C:\maven_repo\org\springframework\spring-test\5.0.6.RELEASE\spring-test-5.0.6.RELEASE.jar;C:\maven_repo\org\xmlunit\xmlunit-core\2.5.1\xmlunit-core-2.5.1.jar;C:\maven_repo\io\grpc\grpc-netty\1.12.0\grpc-netty-1.12.0.jar;C:\maven_repo\io\netty\netty-codec-http2\4.1.24.Final\netty-codec-http2-4.1.24.Final.jar;C:\maven_repo\io\netty\netty-codec-http\4.1.24.Final\netty-codec-http-4.1.24.Final.jar;C:\maven_repo\io\netty\netty-codec\4.1.24.Final\netty-codec-4.1.24.Final.jar;C:\maven_repo\io\netty\netty-handler\4.1.24.Final\netty-handler-4.1.24.Final.jar;C:\maven_repo\io\netty\netty-buffer\4.1.24.Final\netty-buffer-4.1.24.Final.jar;C:\maven_repo\io\netty\netty-common\4.1.24.Final\netty-common-4.1.24.Final.jar;C:\maven_repo\io\netty\netty-handler-proxy\4.1.24.Final\netty-handler-proxy-4.1.24.Final.jar;C:\maven_repo\io\netty\netty-transport\4.1.24.Final\netty-transport-4.1.24.Final.jar;C:\maven_repo\io\netty\netty-resolver\4.1.24.Final\netty-resolver-4.1.24.Final.jar;C:\maven_repo\io\netty\netty-codec-socks\4.1.24.Final\netty-codec-socks-4.1.24.Final.jar;C:\maven_repo\io\grpc\grpc-protobuf\1.12.0\grpc-protobuf-1.12.0.jar;C:\maven_repo\com\google\protobuf\protobuf-java\3.5.1\protobuf-java-3.5.1.jar;C:\maven_repo\com\google\guava\guava\20.0\guava-20.0.jar;C:\maven_repo\com\google\protobuf\protobuf-java-util\3.5.1\protobuf-java-util-3.5.1.jar;C:\maven_repo\com\google\api\grpc\proto-google-common-protos\1.0.0\proto-google-common-protos-1.0.0.jar;C:\maven_repo\io\grpc\grpc-protobuf-lite\1.12.0\grpc-protobuf-lite-1.12.0.jar;C:\maven_repo\io\grpc\grpc-core\1.12.0\grpc-core-1.12.0.jar;C:\maven_repo\io\grpc\grpc-context\1.12.0\grpc-context-1.12.0.jar;C:\maven_repo\com\google\code\gson\gson\2.8.4\gson-2.8.4.jar;C:\maven_repo\com\google\errorprone\error_prone_annotations\2.1.2\error_prone_annotations-2.1.2.jar;C:\maven_repo\com\google\code\findbugs\jsr305\3.0.0\jsr305-3.0.0.jar;C:\maven_repo\io\opencensus\opencensus-api\0.11.0\opencensus-api-0.11.0.jar;C:\maven_repo\io\opencensus\opencensus-contrib-grpc-metrics\0.11.0\opencensus-contrib-grpc-metrics-0.11.0.jar;C:\maven_repo\io\grpc\grpc-stub\1.12.0\grpc-stub-1.12.0.jar;"/>
    <property name="sun.cpu.endian" value="little"/>
    <property name="user.home" value="C:\Users\Jimmy.Li"/>
    <property name="user.language" value="zh"/>
    <property name="java.specification.vendor" value="Oracle Corporation"/>
    <property name="java.home" value="C:\Program Files\Java\jdk1.8.0_101\jre"/>
    <property name="basedir" value="D:\gitcode\springboot-jsonrpc-micro\spring-boot-grpc\grpc-server"/>
    <property name="file.separator" value="\"/>
    <property name="line.separator" value="&#10;"/>
    <property name="java.vm.specification.vendor" value="Oracle Corporation"/>
    <property name="java.specification.name" value="Java Platform API Specification"/>
    <property name="java.awt.graphicsenv" value="sun.awt.Win32GraphicsEnvironment"/>
    <property name="surefire.real.class.path" value="C:\Users\Jimmy.Li\AppData\Local\Temp\surefire49798637192235306\surefirebooter5469739121045441839.jar"/>
    <property name="sun.boot.class.path" value="C:\Program Files\Java\jdk1.8.0_101\jre\lib\resources.jar;C:\Program Files\Java\jdk1.8.0_101\jre\lib\rt.jar;C:\Program Files\Java\jdk1.8.0_101\jre\lib\sunrsasign.jar;C:\Program Files\Java\jdk1.8.0_101\jre\lib\jsse.jar;C:\Program Files\Java\jdk1.8.0_101\jre\lib\jce.jar;C:\Program Files\Java\jdk1.8.0_101\jre\lib\charsets.jar;C:\Program Files\Java\jdk1.8.0_101\jre\lib\jfr.jar;C:\Program Files\Java\jdk1.8.0_101\jre\classes"/>
    <property name="user.script" value=""/>
    <property name="sun.management.compiler" value="HotSpot 64-Bit Tiered Compilers"/>
    <property name="java.runtime.version" value="1.8.0_101-b13"/>
    <property name="user.name" value="Jimmy.Li"/>
    <property name="path.separator" value=";"/>
    <property name="os.version" value="10.0"/>
    <property name="java.endorsed.dirs" value="C:\Program Files\Java\jdk1.8.0_101\jre\lib\endorsed"/>
    <property name="java.runtime.name" value="Java(TM) SE Runtime Environment"/>
    <property name="file.encoding" value="GBK"/>
    <property name="java.vm.name" value="Java HotSpot(TM) 64-Bit Server VM"/>
    <property name="localRepository" value="C:\maven_repo"/>
    <property name="java.vendor.url.bug" value="http://bugreport.sun.com/bugreport/"/>
    <property name="java.io.tmpdir" value="C:\Users\Jimmy.Li\AppData\Local\Temp\"/>
    <property name="java.version" value="1.8.0_101"/>
    <property name="user.dir" value="D:\gitcode\springboot-jsonrpc-micro\spring-boot-grpc\grpc-server"/>
    <property name="os.arch" value="amd64"/>
    <property name="java.vm.specification.name" value="Java Virtual Machine Specification"/>
    <property name="java.awt.printerjob" value="sun.awt.windows.WPrinterJob"/>
    <property name="sun.os.patch.level" value=""/>
    <property name="java.library.path" value="C:\Program Files\Java\jdk1.8.0_101\jre\bin;C:\Windows\Sun\Java\bin;C:\Windows\system32;C:\Windows;D:\Python27\;D:\Python27\Scripts;C:\ProgramData\Oracle\Java\javapath;C:\Windows\system32;C:\Windows;C:\Windows\System32\Wbem;C:\Windows\System32\WindowsPowerShell\v1.0\;C:\Windows\System32\OpenSSH\;D:\Program Files\PuTTY\;C:\Program Files\TortoiseGit\bin;C:\Program Files\Git\cmd;D:\nodejs\;D:\Go\bin;C:\Program Files (x86)\Graphviz2.38\bin;D:\win7_e\tools\protoc-3.6.1-win32;D:\tools\apache-maven-3.6.1\bin;C:\Python37\Scripts\;C:\Python37\;C:\Users\Jimmy.Li\AppData\Local\Microsoft\WindowsApps;C:\Users\Jimmy.Li\AppData\Roaming\npm;C:\Users\Jimmy.Li\go\bin;."/>
    <property name="java.vm.info" value="mixed mode"/>
    <property name="java.vendor" value="Oracle Corporation"/>
    <property name="java.vm.version" value="25.101-b13"/>
    <property name="java.ext.dirs" value="C:\Program Files\Java\jdk1.8.0_101\jre\lib\ext;C:\Windows\Sun\Java\lib\ext"/>
    <property name="sun.io.unicode.encoding" value="UnicodeLittle"/>
    <property name="java.class.version" value="52.0"/>
  </properties>
  <testcase name="contextLoads" classname="com.hans.grpcserver.GrpcServerApplicationTests" time="0.002"/>
</testsuite>